<?xml version="1.0" encoding="UTF-8"?>
<testsuites tests="5" failures="0" disabled="0" errors="0" time="0.107" timestamp="2026-03-27T16:11:55.001" name="AllTests">
  <testsuite name="TextOpsMsgTest" tests="5" failures="0" disabled="0" skipped="0" errors="0" time="0.079" timestamp="2026-03-27T16:11:55.016">
    <testcase name="ConstructionAndKeyAccess" file="D:/C++Projects/Project/TextOps/test/src/test.cpp" line="6" status="run" result="completed" time="0." timestamp="2026-03-27T16:11:55.032" classname="TextOpsMsgTest" />
    <testcase name="ExtractFormatTags" file="D:/C++Projects/Project/TextOps/test/src/test.cpp" line="12" status="run" result="completed" time="0." timestamp="2026-03-27T16:11:55.050" classname="TextOpsMsgTest" />
    <testcase name="FormatMessageWithArgs" file="D:/C++Projects/Project/TextOps/test/src/test.cpp" line="21" status="run" result="completed" time="0." timestamp="2026-03-27T16:11:55.059" classname="TextOpsMsgTest" />
    <testcase name="AssignParameterValue" file="D:/C++Projects/Project/TextOps/test/src/test.cpp" line="28" status="run" result="completed" time="0." timestamp="2026-03-27T16:11:55.070" classname="TextOpsMsgTest" />
    <testcase name="AssignParameterOverrideValue" file="D:/C++Projects/Project/TextOps/test/src/test.cpp" line="37" status="run" result="completed" time="0." timestamp="2026-03-27T16:11:55.086" classname="TextOpsMsgTest" />
  </testsuite>
</testsuites>
